Using pre-set license
Built from '2020.2/release' branch; Version is '2020.2.2f1 (068178b99f32) revision 426360'; Using compiler version '192528614'; Build Type 'Release'
OS: 'Windows 10 Home; OS build 19041.746; Version 2004; 64bit' Language: 'en' Physical Memory: 8036 MB
BatchMode: 1, IsHumanControllingUs: 0, StartBugReporterOnCrash: 0, Is64bit: 1, IsPro: 0

 COMMAND LINE ARGUMENTS:
C:\Program Files\Unity\Hub\Editor\2020.2.2f1\Editor\Unity.exe
-adb2
-batchMode
-noUpm
-name
AssetImportWorker0
-projectPath
D:/Users/Niko/Game Design Project/learn-terrains-NikoOtsuki/learn-terrains-NikoOtsuki/Learn Terrains
-logFile
Logs/AssetImportWorker0.log
-srvPort
58048
Successfully changed project path to: D:/Users/Niko/Game Design Project/learn-terrains-NikoOtsuki/learn-terrains-NikoOtsuki/Learn Terrains
D:/Users/Niko/Game Design Project/learn-terrains-NikoOtsuki/learn-terrains-NikoOtsuki/Learn Terrains
Using Asset Import Pipeline V2.
Refreshing native plugins compatible for Editor in 74.68 ms, found 0 plugins.
Preloading 0 native plugins for Editor in 0.00 ms.
Initialize engine version: 2020.2.2f1 (068178b99f32)
[Subsystems] Discovering subsystems at path C:/Program Files/Unity/Hub/Editor/2020.2.2f1/Editor/Data/Resources/UnitySubsystems
[Subsystems] Discovering subsystems at path D:/Users/Niko/Game Design Project/learn-terrains-NikoOtsuki/learn-terrains-NikoOtsuki/Learn Terrains/Assets
GfxDevice: creating device client; threaded=0
Direct3D:
    Version:  Direct3D 11.0 [level 11.1]
    Renderer: NVIDIA GeForce GTX 1650 (ID=0x1f91)
    Vendor:   
    VRAM:     3962 MB
    Driver:   27.21.14.5167
Initialize mono
Mono path[0] = 'C:/Program Files/Unity/Hub/Editor/2020.2.2f1/Editor/Data/Managed'
Mono path[1] = 'C:/Program Files/Unity/Hub/Editor/2020.2.2f1/Editor/Data/MonoBleedingEdge/lib/mono/unityjit'
Mono config path = 'C:/Program Files/Unity/Hub/Editor/2020.2.2f1/Editor/Data/MonoBleedingEdge/etc'
Using monoOptions --debugger-agent=transport=dt_socket,embedding=1,server=y,suspend=n,address=127.0.0.1:56560
Begin MonoManager ReloadAssembly
Registering precompiled unity dll's ...
Register platform support module: C:/Program Files/Unity/Hub/Editor/2020.2.2f1/Editor/Data/PlaybackEngines/WindowsStandaloneSupport/UnityEditor.WindowsStandalone.Extensions.dll
Registered in 0.008098 seconds.
Native extension for WindowsStandalone target not found
Refreshing native plugins compatible for Editor in 25.09 ms, found 0 plugins.
Preloading 0 native plugins for Editor in 0.00 ms.
Invoked RoslynAnalysisRunner static constructor.
RoslynAnalysisRunner will not be running.
RoslynAnalysisRunner has terminated.
Mono: successfully reloaded assembly
- Completed reload, in  1.936 seconds
Platform modules already initialized, skipping
Registering precompiled user dll's ...
Registered in 0.106210 seconds.
Begin MonoManager ReloadAssembly
Native extension for WindowsStandalone target not found
Refreshing native plugins compatible for Editor in 0.26 ms, found 0 plugins.
Preloading 0 native plugins for Editor in 0.00 ms.
Invoked RoslynAnalysisRunner static constructor.
RoslynAnalysisRunner will not be running.
RoslynAnalysisRunner has terminated.
Mono: successfully reloaded assembly
- Completed reload, in  3.928 seconds
Platform modules already initialized, skipping
========================================================================
Worker process is ready to serve import requests
Launched and connected shader compiler UnityShaderCompiler.exe after 0.30 seconds
Refreshing native plugins compatible for Editor in 0.81 ms, found 0 plugins.
Preloading 0 native plugins for Editor in 0.00 ms.
Unloading 1202 Unused Serialized files (Serialized files now loaded: 0)
System memory in use before: 86.8 MB.
System memory in use after: 86.6 MB.

Unloading 10 unused Assets to reduce memory usage. Loaded Objects now: 1669.
Total: 7.324100 ms (FindLiveObjects: 0.427500 ms CreateObjectMapping: 0.164500 ms MarkObjects: 4.813600 ms  DeleteObjects: 1.914600 ms)

========================================================================
Received Import Request.
  path: Assets/Scenes
  artifactKey: Guid(e7a6856c662e7b944b3454afa96608ae) Importer(815301076,1909f56bfc062723c751e8b465ee728b)
Start importing Assets/Scenes using Guid(e7a6856c662e7b944b3454afa96608ae) Importer(815301076,1909f56bfc062723c751e8b465ee728b)  -> (artifact id: 'c5001e62ad891ec7024d18d91c7cb8fb') in 0.023221 seconds
  Import took 0.031349 seconds .

========================================================================
Received Import Request.
  Time since last request: 1222.653319 seconds.
  path: Assets/New Terrain.asset
  artifactKey: Guid(808e1a1cf0af83045b4f69a0c572cbab) Importer(815301076,1909f56bfc062723c751e8b465ee728b)
Start importing Assets/New Terrain.asset using Guid(808e1a1cf0af83045b4f69a0c572cbab) Importer(815301076,1909f56bfc062723c751e8b465ee728b)  -> (artifact id: 'd5ed9be2a10dbe2b9b56640de1b8f585') in 0.045727 seconds
  Import took 0.047958 seconds .

AssetImportWorkerClient::OnTransportError - code=2 error=End of file
